<?xml version="1.0" encoding="UTF-8"?>
<!-- Generated by org.testng.reporters.JUnitReportReporter -->
<testsuite hostname="DESKTOP-5D1PLOQ" failures="0" tests="1" name="com.example.test.AddSegment" time="12.878" errors="0" timestamp="2025-04-04T11:04:22 IST" skipped="0">
  <testcase classname="com.example.test.AddSegment" name="addSegment" time="12.878"/>
</testsuite> <!-- com.example.test.AddSegment -->
