<?xml version="1.0" encoding="UTF-8"?>
<!-- Generated by org.testng.reporters.JUnitReportReporter -->
<testsuite hostname="DESKTOP-5D1PLOQ" failures="0" tests="1" name="com.example.test.AddSegment" time="10.896" errors="0" timestamp="2025-04-04T12:26:52 IST" skipped="0">
  <testcase classname="com.example.test.AddSegment" name="addSegment" time="10.896"/>
</testsuite> <!-- com.example.test.AddSegment -->
