<?xml version="1.0" encoding="UTF-8"?>
<!-- Generated by org.testng.reporters.JUnitReportReporter -->
<testsuite hostname="DESKTOP-5D1PLOQ" failures="0" tests="1" name="com.example.test.LaunchBrowser" time="3.481" errors="0" timestamp="2025-04-04T11:04:22 IST" skipped="0">
  <testcase classname="com.example.test.LaunchBrowser" name="launchBrowser" time="3.481"/>
</testsuite> <!-- com.example.test.LaunchBrowser -->
